{"contracts/MockERC20Token.sol":{"l":{"12":22,"13":22},"path":"/Users/artem/ea-contract/contracts/MockERC20Token.sol","s":{"1":22,"2":22},"b":{},"f":{"1":22},"fnMap":{"1":{"name":"constructor","line":9,"loc":{"start":{"line":9,"column":43},"end":{"line":11,"column":5}}}},"statementMap":{"1":{"start":{"line":12,"column":8},"end":{"line":12,"column":60}},"2":{"start":{"line":13,"column":8},"end":{"line":13,"column":31}}},"branchMap":{}},"contracts/MultiVesting.sol":{"l":{"40":22,"48":43,"57":43,"58":41,"59":41,"61":41,"63":39,"69":39,"70":39,"76":8,"77":8,"80":6,"84":6,"85":6,"90":4,"92":4,"93":4,"95":12,"96":12,"99":12,"104":4,"107":4,"113":3,"114":3,"115":1,"126":4,"132":5,"133":5,"135":5,"138":10,"139":3,"142":7,"146":5,"153":9,"161":28,"162":1,"165":27,"166":27,"169":27,"175":27,"178":27,"179":18,"180":18,"183":9,"188":3,"189":3,"190":3},"path":"/Users/artem/ea-contract/contracts/MultiVesting.sol","s":{"1":22,"2":43,"3":43,"4":41,"5":41,"6":41,"7":39,"8":39,"9":39,"10":8,"11":8,"12":6,"13":6,"14":6,"15":4,"16":4,"17":4,"18":12,"19":12,"20":12,"21":4,"22":4,"23":3,"24":3,"25":1,"26":4,"27":5,"28":5,"29":5,"30":10,"31":7,"32":5,"33":9,"34":28,"35":1,"36":27,"37":27,"38":27,"39":27,"40":27,"41":18,"42":18,"43":9,"44":3,"45":3,"46":3},"b":{"1":[41,2],"2":[39,2],"3":[6,2],"4":[1,2],"5":[3,7],"6":[1,27],"7":[18,9]},"f":{"1":22,"2":43,"3":43,"4":8,"5":4,"6":3,"7":4,"8":5,"9":9,"10":28,"11":3},"fnMap":{"1":{"name":"constructor","line":39,"loc":{"start":{"line":39,"column":4},"end":{"line":39,"column":35}}},"2":{"name":"addVestingFromNow","line":47,"loc":{"start":{"line":47,"column":87},"end":{"line":47,"column":3}}},"3":{"name":"addVesting","line":56,"loc":{"start":{"line":56,"column":98},"end":{"line":56,"column":3}}},"4":{"name":"withdraw","line":75,"loc":{"start":{"line":75,"column":4},"end":{"line":75,"column":48}}},"5":{"name":"withdrawAllAvailable","line":89,"loc":{"start":{"line":89,"column":4},"end":{"line":89,"column":42}}},"6":{"name":"withdrawUnallocatedFunds","line":112,"loc":{"start":{"line":112,"column":74},"end":{"line":112,"column":3}}},"7":{"name":"getNextVestingId","line":125,"loc":{"start":{"line":125,"column":4},"end":{"line":125,"column":79}}},"8":{"name":"getAvailableAmountAggregated","line":131,"loc":{"start":{"line":131,"column":4},"end":{"line":131,"column":91}}},"9":{"name":"getAvailableAmount","line":152,"loc":{"start":{"line":152,"column":4},"end":{"line":152,"column":101}}},"10":{"name":"getAvailableAmountAtTimestamp","line":160,"loc":{"start":{"line":160,"column":4},"end":{"line":160,"column":132}}},"11":{"name":"getUnallocatedFundsAmount","line":187,"loc":{"start":{"line":187,"column":4},"end":{"line":187,"column":68}}}},"statementMap":{"1":{"start":{"line":40,"column":8},"end":{"line":40,"column":21}},"2":{"start":{"line":48,"column":8},"end":{"line":48,"column":45}},"3":{"start":{"line":57,"column":8},"end":{"line":57,"column":64}},"4":{"start":{"line":58,"column":8},"end":{"line":58,"column":65}},"5":{"start":{"line":59,"column":8},"end":{"line":59,"column":68}},"6":{"start":{"line":61,"column":8},"end":{"line":61,"column":61}},"7":{"start":{"line":63,"column":8},"end":{"line":63,"column":2982}},"8":{"start":{"line":69,"column":8},"end":{"line":69,"column":39}},"9":{"start":{"line":70,"column":8},"end":{"line":70,"column":57}},"10":{"start":{"line":76,"column":8},"end":{"line":76,"column":67}},"11":{"start":{"line":77,"column":8},"end":{"line":77,"column":56}},"12":{"start":{"line":80,"column":8},"end":{"line":80,"column":3742}},"13":{"start":{"line":84,"column":8},"end":{"line":84,"column":60}},"14":{"start":{"line":85,"column":8},"end":{"line":85,"column":45}},"15":{"start":{"line":90,"column":8},"end":{"line":90,"column":36}},"16":{"start":{"line":92,"column":8},"end":{"line":92,"column":53}},"17":{"start":{"line":93,"column":8},"end":{"line":93,"column":4207}},"18":{"start":{"line":95,"column":12},"end":{"line":95,"column":104}},"19":{"start":{"line":96,"column":12},"end":{"line":96,"column":76}},"20":{"start":{"line":99,"column":12},"end":{"line":99,"column":4606}},"21":{"start":{"line":104,"column":8},"end":{"line":104,"column":70}},"22":{"start":{"line":107,"column":8},"end":{"line":107,"column":55}},"23":{"start":{"line":113,"column":8},"end":{"line":113,"column":52}},"24":{"start":{"line":114,"column":8},"end":{"line":114,"column":59}},"25":{"start":{"line":115,"column":8},"end":{"line":115,"column":44}},"26":{"start":{"line":126,"column":8},"end":{"line":126,"column":46}},"27":{"start":{"line":132,"column":8},"end":{"line":132,"column":29}},"28":{"start":{"line":133,"column":8},"end":{"line":133,"column":55}},"29":{"start":{"line":135,"column":8},"end":{"line":135,"column":6324}},"30":{"start":{"line":138,"column":12},"end":{"line":138,"column":6481}},"31":{"start":{"line":142,"column":12},"end":{"line":142,"column":6643}},"32":{"start":{"line":146,"column":8},"end":{"line":146,"column":24}},"33":{"start":{"line":153,"column":8},"end":{"line":153,"column":75}},"34":{"start":{"line":161,"column":8},"end":{"line":161,"column":7747}},"35":{"start":{"line":162,"column":12},"end":{"line":162,"column":20}},"36":{"start":{"line":165,"column":8},"end":{"line":165,"column":51}},"37":{"start":{"line":166,"column":8},"end":{"line":166,"column":99}},"38":{"start":{"line":169,"column":8},"end":{"line":169,"column":8052}},"39":{"start":{"line":175,"column":8},"end":{"line":175,"column":85}},"40":{"start":{"line":178,"column":8},"end":{"line":178,"column":8335}},"41":{"start":{"line":179,"column":12},"end":{"line":179,"column":37}},"42":{"start":{"line":180,"column":12},"end":{"line":180,"column":88}},"43":{"start":{"line":183,"column":8},"end":{"line":183,"column":67}},"44":{"start":{"line":188,"column":8},"end":{"line":188,"column":65}},"45":{"start":{"line":189,"column":8},"end":{"line":189,"column":68}},"46":{"start":{"line":190,"column":8},"end":{"line":190,"column":24}}},"branchMap":{"1":{"line":57,"type":"if","locations":[{"start":{"line":57,"column":8},"end":{"line":57,"column":8}},{"start":{"line":57,"column":8},"end":{"line":57,"column":8}}]},"2":{"line":61,"type":"if","locations":[{"start":{"line":61,"column":8},"end":{"line":61,"column":8}},{"start":{"line":61,"column":8},"end":{"line":61,"column":8}}]},"3":{"line":77,"type":"if","locations":[{"start":{"line":77,"column":8},"end":{"line":77,"column":8}},{"start":{"line":77,"column":8},"end":{"line":77,"column":8}}]},"4":{"line":114,"type":"if","locations":[{"start":{"line":114,"column":8},"end":{"line":114,"column":8}},{"start":{"line":114,"column":8},"end":{"line":114,"column":8}}]},"5":{"line":138,"type":"if","locations":[{"start":{"line":138,"column":12},"end":{"line":138,"column":12}},{"start":{"line":138,"column":12},"end":{"line":138,"column":12}}]},"6":{"line":161,"type":"if","locations":[{"start":{"line":161,"column":8},"end":{"line":161,"column":8}},{"start":{"line":161,"column":8},"end":{"line":161,"column":8}}]},"7":{"line":178,"type":"if","locations":[{"start":{"line":178,"column":8},"end":{"line":178,"column":8}},{"start":{"line":178,"column":8},"end":{"line":178,"column":8}}]}}}}